
ACS Cobol Xref v1.01.14          Dictionary File for COBXREF    05/11/14  21:44:53:38  Page    1
Symbols of Module: COBXREF (COBXREF)
------------------------------------

Data Section (FILE)              Defn    Locations
--------------------------------+---------------------------------------------------------------


FS-REPLY                        000095F  000239 003372
P-CONDITIONS                    000127F  002310
P-VARIABLES                     000128F  002309
PL-PROG-NAME                    000124F  002666 002669
PRINT-FILENAME                  000090F  000241 003316 003420
PRINTLINE                       000111F  001581 001582 001583 001584 002168 002175 002178 002262
                                         002270 002273 002358 002360 002403 002427 002436 002485
                                         002489 002491 002527 002530 002562 002572 002617 002627
                                         002640 002647 002650 002660 002673 002695 002706 002714
                                         002717 003112 003114 003140 003141 003142 003143 003155
                                         003156 003160 003161 003165 003166 003167 003168 003172
                                         003173 003175 003176 003177 003178 003182 003183 003184
                                         003185 003189 003190 003191 003195 003196 003197 003201
                                         003202 003203 003207 003208 003209 003210 003214 003215
                                         003216 003217 003419
PRINTLINE2                      000126F  002308 002311 002332
SDSORTKEY                       000145F  002109
SKADATANAME                     000135F  001256 001258 002153 002159 002161 002179 002236 002243
                                         002253 002274 002366 002375 002377 002384 002391 002396
                                         002398 002404 002460 002477 002479 002492 002537 002549
                                         002558 002563 002601 002609 002622 002628 002748 002750
SKAREFNO                        000138F  001260 002180 002188 002275 002283 002405 002418 002493
                                         002500 002538 002564 002629 002749 002751
SKAWSORPD                       000136F  001253 002181 002246 002248 002254 002276 002376 002378
                                         002393 002399 002410 002468 002494 002553 002565 002623
                                         002631 002738 002752 003104
SKAWSORPD2                      000137F  001254 002255 002379 002400 002409 002630 002739 003105
SL-GEN-REFNO1                   000108F  002731
SORT1TMP                        000097F  000249 003404
SORTFILE                        000097F  000143 002108
SORTRECORD                      000134F  001251 001262 002753 003419
SOURCE-LIST                     000107F  002729 002733
SOURCE-LISTING                  000090F  000106 001233 001281 001481 001570 001633 001657
SOURCEFILENAME                  000093F  000240 003270 003277 003299 003302 003306 003312 003314
                                         003420
SOURCEINPUT                     000093F  000130 001282 001482 001566 001633 001657 002774 003371
SOURCEOUTPUT                    000109F  002730
SOURCERECIN                     000131F  002730 002773 002777
SUPP-FILE-1                     000087F  000247 001577 003398
SUPP-FILE-2                     000084F  000248 001576 003401
SUPPLEMENTAL-PART1-OUT          000087F  000101 000133 001245 001281 001481 001564 001566 001634
                                         001657 002110
SUPPLEMENTAL-PART2-IN           000084F  000102 000140 002111 002137 002138 002147 002149 002216
                                         002217 002229 002232 002344 002345 002354 002356 002447
                                         002448 002455 002457 002513 002514 002523 002525 002586
                                         002587 002595 002598
XRCOND                          000115F  002700 002702
XRDATANAME                      000112F  002164 002179 002258 002274 002359 002404 002423 002481
                                         002492 002528 002563 002628 002648 002665 002668 002696
                                         002715
XRDEFN                          000113F  002180 002275 002405 002493 002564 002629 002662 002697
XRREFERENCE                     000118F  002188 002283 002418 002500
ACS Cobol Xref v1.01.14          Dictionary File for COBXREF    05/11/14  21:44:53:38  Page    2
Symbols of Module: COBXREF (COBXREF)
------------------------------------

Data Section (FILE)              Defn    Locations
--------------------------------+---------------------------------------------------------------


XRTYPE                          000114F  002181 002276 002410 002412 002494 002565 002631 002633
                                         002671 002698
ACS Cobol Xref v1.01.14          Dictionary File for COBXREF    05/11/14  21:44:53:38  Page    3
Symbols of Module: COBXREF (COBXREF)
------------------------------------

Data Section (WORKING-STORAGE)   Defn    Locations
--------------------------------+---------------------------------------------------------------


A                               000163W  001221 001222 001225 001226 001252 001253 001254 001256
                                         001258 001260 001261 001340 001350 001376 001394 001414
                                         001415 001419 001420 001447 001468 001498 001500 001523
                                         001535 001686 001687 001708 001733 001808 001809 001872
                                         001876 001919 001921 001921 001939 001983 001984 001985
                                         001986 001995 002017 002032 002033 002034 002036 002042
                                         002044 002046 002048 002054 002060 002061 002302 002306
                                         002307 002309 002310 002330 002661 002662 002663 002665
                                         002666 002668 002669 002692 002693 002694 002696 002697
                                         002698 002699 003038 003049 003050 003052 003057 003059
                                         003060 003066 003080 003083 003084 003299 003299 003301
A1                              000164W  003457 003458 003459 003460
A2                              000165W  003238 003239 003240 003243
ADDITIONAL-RESERVED-WORDS       000559W  001141
ADDITIONAL-RESERVED-WORDS-R     001141W  001204
ALL-FUN-IDX                     000550W  003103 003106
ALL-FUNCTIONS                   000550W  001214 003102
ALL-REPORTS                     000185W  002128
ARG-NUMBER                      000218W  003261 003262 003264
ARG-VALS                        000411W  001240 003321
ARG-VALUE                       000412W  003270 003325 003326 003329 003330 003336 003337 003342
                                         003343 003349 003350 003356 003357 003365 003366 003380
B                               000166W  001986 001994 002000 002035 002036 002059 002060 002083
                                         002094 002095 002098 002663 002671 002692 002704 002713
                                         003038 003042 003043 003045 003045 003053 003063 003065
                                         003066 003301 003302 003302 003304 003305 003306 003307
BUILD-NUMBER                    000220W  001641 001644 001650 001651 001656 001739 001742 001752
                                         001777 001784 001801 003224 003226 003229 003448
C                               000167W  001939 001998 001999 003038 003052 003054 003067
COBOL-WORD-SIZE                 000200W
CON-TAB-BLOCKS                  001148W  002297 002325
CON-TAB-COUNT                   001155W  001397 001399 001402 001403 001405 001406 001408 001743
                                         001753 001754 001756 001757 001759 001760 002294 002296
                                         002306 002324 003426
CON-TAB-SIZE                    001148W  001154 001397 001398 001743 001744 001745 001746 001753
                                         003424
CONDITION-TABLE                 001147W  003423
CONDITIONS                      001150W  001403 001406 001757 001760 002309 002325
CT-IN-USE-FLAG                  001152W  001408
CURRENCY-SIGN                   000224W  001436 001438 002934
CWS                             000201W  001235 001237 001306 001378 001403 001406 001656 001740
                                         001757 001760 002071 002071 002740 002742
D                               000168W  001939 002004 002005 002807 002844 002845 002847 002855
                                         002856 003033 003033 003035 003043 003050
DUMP-RESERVED-WORDS             000189W  001220
E                               000169W  002925 002927 002943 002944 003059 003061
END-PROG                        000207W  001279 001563 001568 001573 001579 001860 002767 002876
ERROR-MESSAGES                  000389W
F-POINTER                       000160W  001275 003101 003106 003427
FOUNDFUNCTION                   000253W  003086 003088
FS-REPLY                        000239W  003372
FULL-SECTION-NAME               000424W  001415 003163
ACS Cobol Xref v1.01.14          Dictionary File for COBXREF    05/11/14  21:44:53:38  Page    4
Symbols of Module: COBXREF (COBXREF)
------------------------------------

Data Section (WORKING-STORAGE)   Defn    Locations
--------------------------------+---------------------------------------------------------------


FUNCTION-TABLE                  000448W  000549
FUNCTION-TABLE-R                000549W  001202
FUNCTION-TABLE-SIZE             000553W  001203 001225
GEN-REFNO1                      000219W  001624 001632 001656 001770 002725 002731 002749 002751
GIT-BUILD-NO                    001165W  002699 003448
GIT-ELEMENTS                    001158W  001856 002113
GIT-HOLDWSORPD                  001163W  001253 001261 002663 002698 003450
GIT-HOLDWSORPD2                 001164W  001254 003451
GIT-IN-USE-FLAG                 001166W  002694 003446 003460
GIT-PROG-NAME                   001161W  002666 002669 003449
GIT-REFNO                       001162W  001260 002662 002697 003447
GIT-TABLE-COUNT                 001169W  001250 001252 001855 002112 002203 002661 002687 002693
                                         003437 003438 003445 003446 003447 003448 003449 003450
                                         003451 003458
GIT-TABLE-SIZE                  001158W  001168 003438 003439 003440 003441 003442
GIT-WORD                        001160W  001256 001258 001856 002113 002665 002668 002696 003445
                                         003459
GLOBAL-ACTIVE                   000213W  001779 001783 001800 001830
GLOBAL-CURRENT-LEVEL            000252W  001611 001614 001645 001648 001769 003435
GLOBAL-CURRENT-REFNO            000251W  001624 001770 003447
GLOBAL-CURRENT-WORD             000250W  001623 001771 001831 003419 003445
GLOBAL-ITEM-TABLE               001157W  001198
GOTASECTION                     000230W  001553 001600 001603 001604 003234 003241 003252
GOTENDPROGRAM                   000221W  003425
GOTPICTURE                      000222W  002930 002952 003016 003017 003021
H1-PAGE                         000301W  003138
H1PROG-NAME                     000285W  001270
H1PROGRAMID                     000299W  003116 003130
HAD-END-PROG                    000210W  002764
HAVE-NESTED                     000216W  001308 001313
HD-D                            000364W  003121
HD-DATE-TIME                    000366W  003130
HD-HH                           000357W  003124
HD-M                            000363W  003120
HD-MM                           000358W  003125
HD-SS                           000359W  003126
HD-UU                           000360W  003127
HD-Y                            000362W  003119
HD2-D                           000367W  003121
HD2-HH                          000373W  003124
HD2-M                           000369W  003120
HD2-MM                          000375W  003125
HD2-SS                          000377W  003126
HD2-UU                          000379W  003127
HD2-Y                           000371W  003119
HDDATE                          000361W  003117 003118
HDR1                            000283W  003140 003141
HDR10                           000341W  003195
HDR11                           000344W  003207
HDR11A-SORTED                   000346W  002298 002327
HDR11B-SORTED                   000350W  002299 002326
HDR12-HYPHENS                   000353W  003208
ACS Cobol Xref v1.01.14          Dictionary File for COBXREF    05/11/14  21:44:53:38  Page    5
Symbols of Module: COBXREF (COBXREF)
------------------------------------

Data Section (WORKING-STORAGE)   Defn    Locations
--------------------------------+---------------------------------------------------------------


HDR2                            000303W  003214
HDR3                            000307W  003166 003176 003183 003215
HDR5-PROG-NAME                  000314W  003146 003151 003152
HDR5-SYMBOLS                    000312W  003155
HDR6-HYPHENS                    000321W  003152 003153
HDR6-SYMBOLS                    000316W  003156
HDR7-VARIABLE                   000325W  003162 003164 003174
HDR7-WS                         000323W  003165 003175
HDR8-HD                         000330W  002349 002431 002472
HDR8-WS                         000329W  003182
HDR9                            000335W  003189
HDR9B                           000338W  003201
HDTIME                          000356W  003122 003123
HOLDFOUNDWORD                   000232W  001918 001921
HOLDFOUNDWORD2                  000233W  002846 002847 002856 002857
HOLDFOUNDWORD2-SIZE             000161W  002835 002843 002848 002855 002858
HOLDFOUNDWORD2-TYPE             000162W  002836 002853
HOLDID                          000255W  001235 001237 001239 001310 001312 001632 001656 003128
                                         003147 003449
HOLDID-MODULE                   000256W  001239 001315 001317 003149
HOLDWSORPD                      000225W  001473 001508 001538 001555 001559 001601 001646 001683
                                         001805 002738 002743 002754 002798 002817 003062 003235
                                         003240 003426 003450
HOLDWSORPD2                     000226W  001474 001509 001539 001621 001911 001914 001920 001922
                                         002739 003244 003426 003451
LINE-COUNT                      000153W  001585 002169 002170 002198 002263 002264 002312 002313
                                         002361 002428 002429 002446 002471 002473 002486 002529
                                         002571 002573 002616 002618 002639 002641 002649 002672
                                         002674 002705 002707 002716 002732 002734 003144 003157
                                         003169 003179 003186 003192 003198 003204 003211 003218
LINE-END                        000157W  002803 002856 003043
LIST-SOURCE                     000187W  001271 002728
LSECT                           000406W  002181 002276 002410 002494 002565 002631 002671 002698
MSG1                            000390W  002139 002218 002346 002449 002515 002588
MSG10                           000398W  003443
MSG16                           000400W  001480
MSG17                           000401W  001208
MSG2                            000391W  001280
MSG4                            000392W  001632
MSG5                            000393W  001656
MSG6                            000394W  001747
MSG7                            000395W  002024
MSG8                            000396W  002770
MSG9                            000397W  003373
OS-DELIMITER                    000229W  003392 003395 003397 003400 003403
P-FUNCTION                      000550W  000552 001214 001226 003103
P-OC-IMPLEMENTED                000551W
PAGE-NO                         000154W  003113 003137 003138 003139
PRINT-FILENAME                  000241W  003316 003420
PROG-BASENAME                   000242W  001235 001237 003306 003312 003313 003315
PROG-NAME                       000148W  001270 003279
Q                               000177W  001275 001939 001994 002000 002081 002088 002091 002143
ACS Cobol Xref v1.01.14          Dictionary File for COBXREF    05/11/14  21:44:53:38  Page    6
Symbols of Module: COBXREF (COBXREF)
------------------------------------

Data Section (WORKING-STORAGE)   Defn    Locations
--------------------------------+---------------------------------------------------------------


                                         002165 002166 002167 002174 002185 002187 002188 002222
                                         002259 002260 002261 002268 002280 002282 002283 002351
                                         002415 002417 002418 002424 002425 002426 002434 002451
                                         002482 002483 002484 002487 002497 002499 002500 002519
                                         002550 002566 002569 002592 002610 002613 002634 002637
Q2                              000178W  002269 002343 002357 002435 002445 002488
REPORTS-IN-LOWER                000193W  001234 001255 001309 001314 001401 001755 002664 002741
RESERVED-NAMES                  001142W  001213 003081
RESVD-IDX                       001142W  003082 003083
RESVD-IMPLEMENTED               001143W
RESVD-TABLE-SIZE                001145W  001205 001221
RESVD-WORD                      001142W  001144 001213 001222 003082
S                               000170W  001939 001940 001945 001946 001968 001970 001972 001973
                                         001981 001983 001984 001990 001991 001995 001998 002004
                                         002008 002010 002012 002081 002083 002896 002921 002931
                                         002934 002940 002958 002977 002989
S-POINTER                       000151W  001275 002512 002526 002570 002585 002615 002638 002646
                                         003427
S-POINTER2                      000152W  001556 001663 001664 002821 002827 002878 002879 002882
                                         002888 002889 002896 002901 002903 002906 002920 002921
                                         002923 002925 002940 002941 002943 002958 002964 002977
                                         002980 002989 002997 003427
S2                              000171W  001939 001972 001974
SAVED-VARIABLE                  000235W  001378 001402 001405 001642 001726 001734 001740 001756
                                         001759 001778 001802
SAVESKADATANAME                 000234W  002136 002159 002161 002215 002243 002253 002342 002375
                                         002377 002384 002391 002396 002398 002444 002477 002479
                                         002511 002549 002558 002584 002609 002622 003420
SAVESKAWSORPD                   000236W  002254 002343 002378 002385 002392 002399 002445 002512
                                         002585 002614 002623 002637
SAVESKAWSORPD2                  000237W  002255 002343 002379 002400 002445 002512
SECTION-NAME                    000426W  003239
SECTION-NAMES-TABLE             000414W  000423
SECTION-SHORT-NAMES-TABLE       000429W  000438
SECTION-USED-TABLE              000408W  002199 003425
SECTTABLE                       000403W  000405
SHORT-SECTION-NAME              000439W
SHT-SECTION-NAME                000440W  002845 002847
SORT1TMP                        000249W  003404
SOURCE-EOF                      000204W  001278 001479 001862 002769 002875 002999
SOURCE-LINE-END                 000158W  001663 002803 002834 002845 002848 002878 002888
SOURCE-WORDS                    000159W  001913 002828 003004
SOURCEFILENAME                  000240W  003270 003277 003299 003302 003306 003312 003314 003420
SOURCEINWS                      000258W  001286 001324 001327 001330 001333 001352 001355 001358
                                         001415 001449 001452 001455 001921 002773 002777 002781
                                         002784 002793 002794 002799 002801 002812 002818 002819
                                         002845 002854 002856 002857 002879 002882 002900 002906
                                         002920 002922 002927 002931 002934 002941 002944 002980
                                         003033 003041 003042 003045 003052 003057 003060 003061
                                         003066
STRING-POINTER                  000149W  003263 003269 003270 003278 003298 003327 003331 003379
                                         003380
ACS Cobol Xref v1.01.14          Dictionary File for COBXREF    05/11/14  21:44:53:38  Page    7
Symbols of Module: COBXREF (COBXREF)
------------------------------------

Data Section (WORKING-STORAGE)   Defn    Locations
--------------------------------+---------------------------------------------------------------


STRING-POINTER2                 000150W  003298 003317
SUPP-FILE-1                     000247W  001577 003398
SUPP-FILE-2                     000248W  001576 003401
SV1WHAT                         000259W  003239 003242
SW-1                            000183W  003367
SW-2                            000186W  003338
SW-4                            000188W  003344
SW-5                            000190W  003352
SW-6                            000192W  003358
SW-END-PROG                     000206W  001586 002820
SW-GIT                          000212W  001622 001647 001674 001797 003253
SW-HAD-END-PROG                 000209W  002765 002820
SW-NESTED                       000215W  002820
SW-SOURCE-EOF                   000203W  002775 003425
T                               000172W  001994 002000 002043 002049 002068 002080 002081 002083
                                         002084 002085
TEMP-PATHNAME                   000246W  003384 003385 003386 003387 003388 003389 003390 003391
                                         003393 003394 003396 003399 003402 003406
USECT                           000409W  001261 002211 002442 002752
VARIABLES                       001151W  001402 001405 001756 001759 002297 002310
WASPICTURE                      000223W  001670 001671 002947
WE-ARE-TESTING                  000191W  001325 001328 001331 001334 001353 001356 001359 001437
                                         001450 001453 001456 001572 002011 002056 003005 003044
                                         003242 003405
WORD-DELIMIT                    000227W  001364 001382 001409 001462 001470 001493 001498 001511
                                         001520 001541 001662 001665 001667 001776 001781 001864
                                         001912 002880 002901 002907 002923 002926 002928 002941
                                         002945 002980 002984 003006
WORD-DELIMIT2                   000228W  002959 002976 002980 002984 002990
WORD-LENGTH                     000156W  001502 001598 001631 001632 001889 001918 001919 001923
                                         001924 001925 001926 001941 001959 002068 002069 002084
                                         002086 002881 002908 002972 002991 003007 003008 003225
                                         003228
WS-ANAL1                        000238W  002200 002211 002212 002230 002246 002248 003163
WS-RETURN-CODE                  000155W  001200 001201 001207
WS-WC-DD                        000384W
WS-WC-HH                        000385W
WS-WC-MIN                       000386W
WS-WC-MM                        000383W
WS-WC-YY                        000382W  003282
WS-WHEN-COMPILED                000381W  003280
WSF1-1                          000265W  001303 001373 001391 001493 001495 001517 001696 001698
                                         001704 001865 001880 001883 001885 001888 001891 002905
                                         002911 002918 002919 002956 002962 002966 002969 002976
WSF1-1-NUMBER                   000266W  001373 001391 001495 001517 001702 001878 002917
WSF1-2                          000264W  001903 002915
WSF1-3                          000263W  001898 001905 002913
WSF3-1                          000272W  003226 003229
WSF3-1-NUMERIC                  000273W
WSF3-2                          000274W  003229
WSFOUNDNEWWORD                  000277W  001304 001306 002006 002008 002010 002015 002079 002081
                                         002088 002089 002091 003422
ACS Cobol Xref v1.01.14          Dictionary File for COBXREF    05/11/14  21:44:53:38  Page    8
Symbols of Module: COBXREF (COBXREF)
------------------------------------

Data Section (WORKING-STORAGE)   Defn    Locations
--------------------------------+---------------------------------------------------------------


WSFOUNDNEWWORD2                 000278W  002079 002083 002095 002096 002098 003422
WSFOUNDNEWWORD3                 000279W  001938 002036 002060 002071 003421
WSFOUNDNEWWORD4                 000280W  002740 002742 002748 002750 003103 003421 003459
WSFOUNDNEWWORD5                 000281W  001688 001689 001810 001811 003039 003042 003066
WSFOUNDWORD                     000262W  000271
WSFOUNDWORD2                    000271W  001295 001304 001306 001310 001312 001315 001317 001366
                                         001369 001378 001384 001387 001388 001403 001406 001430
                                         001431 001436 001488 001529 001610 001613 001619 001623
                                         001631 001632 001656 001673 001677 001680 001684 001686
                                         001688 001689 001700 001725 001740 001757 001760 001771
                                         001791 001792 001796 001806 001808 001810 001811 001824
                                         001831 001839 001869 001881 001886 001918 001923 001924
                                         001945 001955 001956 001968 001973 001974 001981 001983
                                         001984 001986 001990 001991 001998 002004 002008 002010
                                         002012 002015 002025 002034 002036 002046 002057 002060
                                         002071 002081 002083 002090 002091 002097 002098 002740
                                         002742 002883 002895 002900 002909 002922 002941 002953
                                         002957 002959 002963 002970 002979 002980 002985 002990
                                         003007 003015 003019 003020 003082 003085
Y                               000173W  001939 001990 001991 001993
Z                               000174W  001700 001941 001955 001956 001957 001970 002033 002044
                                         002054 002970 002970 002972 002985 002985 002987 002989
                                         002990 002991
Z2                              000175W  001939 001941 001943 001947 001953 001958 001968 001971
                                         001981 001983 001984 001986 001990 001991 001998 002004
                                         002007 002008 002081 002083 002084 002086
Z3                              000176W  001939 001971 001974
ACS Cobol Xref v1.01.14          Dictionary File for COBXREF    05/11/14  21:44:53:38  Page    9
Variable Tested [S]            Symbol (88-Conditions)
--------------------------------------------------------------


SN-TEST-1                       SNT1-ON
SN-TEST-1                       SNT1-OFF
SW-1                            ALL-REPORTS
SW-2                            LIST-SOURCE
SW-4                            DUMP-RESERVED-WORDS
SW-5                            WE-ARE-TESTING
SW-6                            REPORTS-IN-LOWER
SW-END-PROG                     END-PROG
SW-GIT                          GLOBAL-ACTIVE
SW-HAD-END-PROG                 HAD-END-PROG
SW-NESTED                       HAVE-NESTED
SW-SOURCE-EOF                   SOURCE-EOF
WSF1-1                          WSF1-1-NUMBER
WSF3-1                          WSF3-1-NUMERIC
ACS Cobol Xref v1.01.14          Dictionary File for COBXREF    05/11/14  21:44:53:38  Page   10
Variable Tested                Symbol (88-Conditions) [S]
--------------------------------------------------------------


SW-1                            ALL-REPORTS
SW-4                            DUMP-RESERVED-WORDS
SW-END-PROG                     END-PROG
SW-GIT                          GLOBAL-ACTIVE
SW-HAD-END-PROG                 HAD-END-PROG
SW-NESTED                       HAVE-NESTED
SW-2                            LIST-SOURCE
SW-6                            REPORTS-IN-LOWER
SN-TEST-1                       SNT1-OFF
SN-TEST-1                       SNT1-ON
SW-SOURCE-EOF                   SOURCE-EOF
SW-5                            WE-ARE-TESTING
WSF1-1                          WSF1-1-NUMBER
WSF3-1                          WSF3-1-NUMERIC
ACS Cobol Xref v1.01.14          Dictionary File for COBXREF    05/11/14  21:44:53:38  Page   11
Functions                        Defn    Locations
--------------------------------+---------------------------------------------------------------


CURRENT-DATE                    003280I
E                               002925I  002927 002943 002944 003059 003061
LOWER-CASE                      001235I  001256 001310 001315 001402 001403 001756 001757 002665
                                         002666 002742
UPPER-CASE                      001237I  001312 001317 002777 003103 003321
ACS Cobol Xref v1.01.14          Dictionary File for COBXREF    05/11/14  21:44:53:38  Page   12
Procedure                        Defn    Locations
--------------------------------+---------------------------------------------------------------


AA000-XREF-DATA                 001172S
AA020-BYPASS-OPEN               001244P  001587
AA030-READLOOP1                 001277P  001296
AA040-READLOOP2                 001322P  001342
AA041-GET-SN                    001344P  001326 001335 001354 001365 001383 001410
AA042-GETWORD                   001362P  001368 001370 001374 001377
AA044-GETWORD3                  001380P  001386 001389 001392 001395 001411
AA045-EXIT                      001422P  001336 001349 001446 001522
AA045-TEST-SECTION              001413P  001336 001349 001446 001522
AA046-GET-CURRENCY              001425P  001367 001385 001432
AA047-GETIO                     001441P  001329 001357 001463 001471 001494 001499 001503 001512
AA047-GETWORD                   001460P  001469
AA047-GETWORD2                  001477P  001489
AA047-GETWORD3                  001491P  001496 001501 001513
AA048-GET-NEXT                  001519P  001542
AA048-GETIOC                    001515P  001332 001360 001451 001518 001530
AA049-GETWORD                   001532P  001536 001543
AA050-READLOOP3                 001545P  001454 001554 001560
AA060-READLOOP3A                001551P  001290 001341 001351 001448 001457 001524
BA000-EXIT                      001846P  001602
BA000-PROCESS-WS                001592S  001557
BA020-GETAWORD                  001593P  001599 001606 001627 001782 001787 001817
BA040-CLEAR-TO-NEXT-PERIOD      001661P  001626 001672 001676 001679 001682 001692 001697 001699
                                         001701 001703 001705 001709 001715 001786 001816
BA049-EXIT                      001717P  001626 001666 001668 001786 001816
BA050-BYPASS-ADD-2-CON-TABLE    001765P  001748
BA050-GET-USER-WORD             001720P  001652
BA051-AFTER-DATANAME            001775P  001727
BA051-AFTER-NEW-WORD            001790P  001735
BA052-AFTER-INDEX               001819P  001678 001825
BA053-AFTER-DEPENDING           001834P  001681 001840
BB000-EXIT                      002101P  001861 001863
BB000-PROCESS-PROCEDURE         001849S  001562
BB010-NEW-RECORD                001850P
BB020-GETAWORD                  001858P  001866 001877 001879 001882 001884 001887 001890 001899
                                         001904 001906 001931 001944 001954 001969 001975 001987
                                         002018 002021 002026 002070 002100
BB030-CHK1                      001868P  001928
BB040-CHK2                      001894P
BB050-CHECK-SUBSCRIPTS          001933P  001892 002072
BB051-CLEAR-LEFT-BRACE          001942P  001948
BB052-CLEAR-RIGHT-BRACE         001952P  001960
BB053-NUMERICS                  001967P
BB054-SPACES                    002002P
BB060-SCAN4-QUOTES              002028P  001996 002037
BB070-GOT-QUOTE                 002041P  002047
BB080-QUOTE-CLEAN               002053P  002062
BB090-RECOVER-WORD              002064P  002045 002055
BB100-SCAN4-COLON               002074P  002001
BC000-EXIT                      002720P  002140 002219 002347 002450 002516 002589 002599
BC000-LAST-ACT                  002104S  001567
BC010-GROUP-REPORT              002135P
BC020-READ-SORTER               002146P  002154 002156
BC030-ISX                       002152P  002144
BC040-PRINTXREF                 002158P  002155
ACS Cobol Xref v1.01.14          Dictionary File for COBXREF    05/11/14  21:44:53:38  Page   13
Procedure                        Defn    Locations
--------------------------------+---------------------------------------------------------------


BC050-CHECK-Q                   002163P  002148 002186
BC060-CONNECTC                  002177P
BC070-CONNECTD                  002184P  002160
BC080-EXIT                      002190P  002155 002182
BC090-LAST-PASS2                002193P  002129 002150
BC100-WORKING-STORAGE-REPORT    002207P  002201
BC110-READ-SORTER               002228P  002237 002239
BC120-ISX2                      002235P  002226
BC130-PRINTXREF2                002241P  002238
BC140-CHECK-Q                   002257P  002231 002281
BC150-CONNECTC2                 002272P
BC160-CONNECTD2                 002279P  002244
BC170-EXIT                      002284P  002238 002247 002249 002277
BC180-EXIT                      002287P  002201 002213 002233
BC190-DO-CONDITIONS             002290P  002205
BC192-PRINT-CONDITIONS          002305P  002303 002317 002331
BC194-NOW-REVERSE               002319P  002304
BC195-DONE                      002333P  002295
BC200-LAST-PASS3                002338P
BC210-READ-SORTER3              002353P  002367 002369
BC220-ISX3                      002365P  002352
BC230-PRINTXREF3                002371P  002368
BC250-CONNECTC3                 002402P
BC260-CONNECTD3                 002414P  002397
BC270-EXIT                      002419P  002368 002380 002386 002394 002413
BC280-CHECK-Q                   002422P  002355 002401 002416
BC300-LAST-PASS4                002438P  002334
BC310-READ-SORTER4              002454P  002461 002463
BC320-ISX4                      002459P  002452
BC330-PRINTXREF4                002464P  002462
BC335-CHECK-Q                   002480P  002456 002498
BC340-CONNECTC4                 002490P
BC350-CONNECTD4                 002496P  002478
BC360-EXIT                      002501P  002462 002469 002495
BC399-EXIT                      002504P  002334 002443 002458
BC400-LAST-PASS5                002507P  002363
BC410-READ-SORTER5              002522P  002539 002541
BC420-ISX5                      002533P  002520
BC430-PRINTXREF5                002542P  002540
BC440-CHECK-4OLD                002568P  002524 002556
BC450-EXIT                      002577P  002540 002551 002554 002567
BC500-LAST-PASS6                002580P  002532
BC510-READ-SORTER6              002594P  002602 002604
BC520-ISX6                      002600P  002593
BC530-PRINTXREF6                002605P  002603
BC540-CHECK-4OLD                002636P  002596
BC540-CHECK-4OLD6               002645P  002597
BC550-EXIT                      002651P  002603 002611 002635
BC600-EXIT                      002680P  002204
BC600-PRINT-GLOBALS             002654P  002204
BC620-DO-GLOBAL-CONDITIONS      002683P  001569
BC629-EXIT                      002718P  001569 002688
ZZ000-INC-COBOLREFNO            002724P  002785 002808 002813 002825
ZZ000-OUTPUTSOURCE              002727P  002786 002809 002814 002826
ZZ000-ROUTINES                  002723S
ACS Cobol Xref v1.01.14          Dictionary File for COBXREF    05/11/14  21:44:53:38  Page   14
Procedure                        Defn    Locations
--------------------------------+---------------------------------------------------------------


ZZ030-WRITE-SORT                002737P  001475 001510 001540 001625 001691 001714 001773 001794
                                         001813 001829 001844 001930 002020 002092 002099
ZZ100-EXIT                      002867P  001274 001323 001348 001445 001521 001549 001605 002768
                                         002771 002776 002822 002838 002998
ZZ100-GET-A-SOURCE-RECORD       002759P  001274 001323 001348 001445 001521 001549 001605 002782
                                         002787 002810 002815 002849 002998
ZZ100-NEW-PROGRAM-POINT         002824P  002766
ZZ110-EXIT                      003022P  001285 001297 001363 001372 001381 001390 001429 001461
                                         001478 001492 001516 001526 001533 001597 001620 001669
                                         001685 001724 001788 001793 001807 001823 001838 001859
                                         002877 002884 002910 003000
ZZ110-GET-A-WORD                002870P  001285 001297 001363 001372 001381 001390 001429 001461
                                         001478 001492 001516 001526 001533 001597 001620 001669
                                         001685 001724 001788 001793 001807 001823 001838 001859
                                         002965 002967 003001
ZZ110-GET-A-WORD-COPY-CHECK     003002P  002973 002995
ZZ110-GET-A-WORD-LITERAL        002975P
ZZ110-GET-A-WORD-LITERAL2       002978P  002960
ZZ110-GET-A-WORD-OVERFLOW       002996P  002890 002904 002916
ZZ110-GET-A-WORD-UNSTRING       002894P  002912 002914
ZZ120-EXIT                      003072P  002802 003036 003046
ZZ120-KILL-SPACE                003048P  003040 003055 003058 003068
ZZ120-KILL-SPACE-EXIT           003069P  003040 003051
ZZ120-REPLACE-MULTI-SPACES      003025P  002802
ZZ130-EXIT                      003089P  001375 001393 001467 001497 001534 001707 001728 001870
                                         002016 003081
ZZ130-EXTRA-RESERVED-WORD-CHECK 003075P  001375 001393 001467 001497 001534 001707 001728 001870
                                         002016
ZZ140-EXIT                      003107P  002744 003102
ZZ140-FUNCTION-CHECK            003092P  002744
ZZ150-EXIT                      003220P  002141 002142 002171 002172 002220 002221 002265 002266
                                         002301 002315 002329 002350 002432 002475 002518 002575
                                         002591 002620 002643 002658 002659 002675 002676 002691
                                         002709 003158 003170 003180 003187 003193 003199 003205
                                         003212 003219
ZZ150-WRITEHDB                  003110P  001272 002141 002171 002220 002265 002300 002314 002328
                                         002348 002430 002474 002517 002574 002590 002619 002642
                                         002658 002675 002690 002708 002735
ZZ150-WRITEHDB1                 003145P
ZZ150-WRITEHDB2                 003159P  002221 002266
ZZ150-WRITEHDB2B                003171P  002659 002676
ZZ150-WRITEHDB3                 003181P  002350 002432 002475
ZZ150-WRITEHDB4                 003188P  002518 002575
ZZ150-WRITEHDB5                 003194P  002591 002620 002643
ZZ150-WRITEHDB6                 003200P  002691 002709
ZZ150-WRITEHDB7                 003206P  002301 002315 002329
ZZ150-WRITEHDB8                 003213P  002142 002172
ZZ160-CLEAN-NUMBER              003223P  001640
ZZ160-EXIT                      003230P  001640 003227
ZZ170-CHECK-4-SECTION           003233P  001552 002837 002866
ZZ170-EXIT                      003254P  001552 002837 002866 003236
ZZ180-CHECK-FOR-PARAM-ERRORS    003276P  003265 003328 003332
ZZ180-EXIT                      003410P  001216 003345 003376
ZZ180-GET-PROGRAM-ARGS          003378P  003264
ZZ180-OPEN-SOURCE-FILE          003257P  001216
ACS Cobol Xref v1.01.14          Dictionary File for COBXREF    05/11/14  21:44:53:38  Page   15
Procedure                        Defn    Locations
--------------------------------+---------------------------------------------------------------


ZZ182-EXIT                      003407P  003274
ZZ182-GET-ENV-SET-TEMPFILES     003382P  003274
ZZ190-EXIT                      003428P  001197 001580
ZZ190-INIT-PROGRAM              003413P  001197 001580
ZZ200-EXIT                      003452P  001675 001780 001785 001798 001803 001832 003436 003444
ZZ200-LOAD-GIT                  003431P  001675 001780 001785 001798 001803 001832
ZZ310-CHECK-FOR-GLOBALS         003455P  002755
ZZ319-EXIT                      003465P  002755
ACS Cobol Xref v1.01.14          Dictionary File for COBXREF    05/11/14  21:44:53:38  Page   16
Unreferenced Working Storage Symbols


COBOL-WORD-SIZE                 000200W
ERROR-MESSAGES                  000389W
P-OC-IMPLEMENTED                000551W
RESVD-IMPLEMENTED               001143W
SHORT-SECTION-NAME              000439W
WS-WC-DD                        000384W
WS-WC-HH                        000385W
WS-WC-MIN                       000386W
WS-WC-MM                        000383W
WSF3-1-NUMERIC                  000273W
ACS Cobol Xref v1.01.14          Dictionary File for COBXREF    05/11/14  21:44:53:38  Page   17
Unreferenced Procedures


AA000-XREF-DATA                 001172S
BB010-NEW-RECORD                001850P
BB040-CHK2                      001894P
BB053-NUMERICS                  001967P
BB054-SPACES                    002002P
BC010-GROUP-REPORT              002135P
BC060-CONNECTC                  002177P
BC150-CONNECTC2                 002272P
BC200-LAST-PASS3                002338P
BC250-CONNECTC3                 002402P
BC340-CONNECTC4                 002490P
ZZ000-ROUTINES                  002723S
ZZ110-GET-A-WORD-LITERAL        002975P
ZZ150-WRITEHDB1                 003145P
